<?xml version="1.0" encoding="UTF-8" ?>
<testsuite tests="37" failures="0" name="org.farng.mp3.MP3FileTest" time="0.587" errors="0" skipped="0">
  <properties>
[...]
</properties>
  <testcase classname="org.farng.mp3.MP3FileTest" name="testAdjustID3v2Padding" time="0.11"/>
  <testcase classname="org.farng.mp3.MP3FileTest" name="testDelete" time="0.007"/>
  <testcase classname="org.farng.mp3.MP3FileTest" name="testGetBitRate" time="0.01"/>
  <testcase classname="org.farng.mp3.MP3FileTest" name="testGetEmphasis" time="0.011"/>
  <testcase classname="org.farng.mp3.MP3FileTest" name="testGetFilenameTag" time="0.007"/>
  <testcase classname="org.farng.mp3.MP3FileTest" name="testGetFrameAcrossTags" time="0.009"/>
  <testcase classname="org.farng.mp3.MP3FileTest" name="testGetFrequency" time="0.007"/>
  <testcase classname="org.farng.mp3.MP3FileTest" name="testGetID3v1Tag" time="0.007"/>
  <testcase classname="org.farng.mp3.MP3FileTest" name="testGetID3v2Tag" time="0.007"/>
  <testcase classname="org.farng.mp3.MP3FileTest" name="testGetLayer" time="0.008"/>
  <testcase classname="org.farng.mp3.MP3FileTest" name="testGetLyrics3Tag" time="0.006"/>
  <testcase classname="org.farng.mp3.MP3FileTest" name="testGetMode" time="0.007"/>
  <testcase classname="org.farng.mp3.MP3FileTest" name="testGetModeExtension" time="0.007"/>
  <testcase classname="org.farng.mp3.MP3FileTest" name="testGetMp3StartByte" time="0.01"/>
  <testcase classname="org.farng.mp3.MP3FileTest" name="testGetMp3file" time="0.006"/>
  <testcase classname="org.farng.mp3.MP3FileTest" name="testGetMpegVersion" time="0.007"/>
  <testcase classname="org.farng.mp3.MP3FileTest" name="testGetUnsynchronizedFragments" time="0.009"/>
  <testcase classname="org.farng.mp3.MP3FileTest" name="testHasFilenameTag" time="0.006"/>
  <testcase classname="org.farng.mp3.MP3FileTest" name="testHasID3v1Tag" time="0.006"/>
  <testcase classname="org.farng.mp3.MP3FileTest" name="testHasID3v2Tag" time="0.007"/>
  <testcase classname="org.farng.mp3.MP3FileTest" name="testHasLyrics3Tag" time="0.007"/>
  <testcase classname="org.farng.mp3.MP3FileTest" name="testIsCopyProtected" time="0.006"/>
  <testcase classname="org.farng.mp3.MP3FileTest" name="testIsHome" time="0.007"/>
  <testcase classname="org.farng.mp3.MP3FileTest" name="testIsPadding" time="0.007"/>
  <testcase classname="org.farng.mp3.MP3FileTest" name="testIsPrivacy" time="0.007"/>
  <testcase classname="org.farng.mp3.MP3FileTest" name="testIsProtection" time="0.007"/>
  <testcase classname="org.farng.mp3.MP3FileTest" name="testIsUnsynchronized" time="0.006"/>
  <testcase classname="org.farng.mp3.MP3FileTest" name="testIsVariableBitRate" time="0.007"/>
  <testcase classname="org.farng.mp3.MP3FileTest" name="testSave" time="0.221"/>
  <testcase classname="org.farng.mp3.MP3FileTest" name="testSeekMP3Frame" time="0.011"/>
  <testcase classname="org.farng.mp3.MP3FileTest" name="testSetFilenameTag" time="0.006"/>
  <testcase classname="org.farng.mp3.MP3FileTest" name="testSetFrameAcrossTags" time="0.007"/>
  <testcase classname="org.farng.mp3.MP3FileTest" name="testSetID3v1Tag" time="0.007"/>
  <testcase classname="org.farng.mp3.MP3FileTest" name="testSetID3v2Tag" time="0.007"/>
  <testcase classname="org.farng.mp3.MP3FileTest" name="testSetLyrics3Tag" time="0.007"/>
  <testcase classname="org.farng.mp3.MP3FileTest" name="testSetMp3file" time="0.006"/>
  <testcase classname="org.farng.mp3.MP3FileTest" name="testSetVariableBitRate" time="0.007"/>
</testsuite>