<?xml version="1.0" encoding="UTF-8" ?>
<testsuite tests="129" failures="0" name="org.farng.mp3.AllTestCase" time="0.711" errors="0" skipped="0">
  <properties>
[...]
</properties>
  <testcase classname="org.farng.mp3.TagUtilityTest" name="testAppendBeforeExtension" time="0.003"/>
  <testcase classname="org.farng.mp3.TagUtilityTest" name="testCopyFile" time="0.036"/>
  <testcase classname="org.farng.mp3.TagUtilityTest" name="testFindMatchingParenthesis" time="0"/>
  <testcase classname="org.farng.mp3.TagUtilityTest" name="testFindNumber" time="0"/>
  <testcase classname="org.farng.mp3.TagUtilityTest" name="testGetFrameDescription" time="0.001"/>
  <testcase classname="org.farng.mp3.TagUtilityTest" name="testGetWholeNumber" time="0"/>
  <testcase classname="org.farng.mp3.TagUtilityTest" name="testIsID3v2_2FrameIdentifier" time="0"/>
  <testcase classname="org.farng.mp3.TagUtilityTest" name="testIsID3v2_3FrameIdentifier" time="0"/>
  <testcase classname="org.farng.mp3.TagUtilityTest" name="testIsID3v2_4FrameIdentifier" time="0"/>
  <testcase classname="org.farng.mp3.TagUtilityTest" name="testIsLyrics3v2FieldIdentifier" time="0"/>
  <testcase classname="org.farng.mp3.TagUtilityTest" name="testIsMatchingParenthesis" time="0.001"/>
  <testcase classname="org.farng.mp3.TagUtilityTest" name="testPadString" time="0"/>
  <testcase classname="org.farng.mp3.TagUtilityTest" name="testReplaceEOLNwithCRLF" time="0"/>
  <testcase classname="org.farng.mp3.TagUtilityTest" name="testReplaceWord" time="0"/>
  <testcase classname="org.farng.mp3.TagUtilityTest" name="testStripChar" time="0.001"/>
  <testcase classname="org.farng.mp3.TagUtilityTest" name="testToSentenceCase" time="0"/>
  <testcase classname="org.farng.mp3.TagUtilityTest" name="testToTitleCase" time="0.001"/>
  <testcase classname="org.farng.mp3.TagUtilityTest" name="testTruncate" time="0"/>
  <testcase classname="org.farng.mp3.MP3FileTest" name="testAdjustID3v2Padding" time="0.139"/>
  <testcase classname="org.farng.mp3.MP3FileTest" name="testDelete" time="0.008"/>
  <testcase classname="org.farng.mp3.MP3FileTest" name="testGetBitRate" time="0.009"/>
  <testcase classname="org.farng.mp3.MP3FileTest" name="testGetEmphasis" time="0.007"/>
  <testcase classname="org.farng.mp3.MP3FileTest" name="testGetFilenameTag" time="0.008"/>
  <testcase classname="org.farng.mp3.MP3FileTest" name="testGetFrameAcrossTags" time="0.013"/>
  <testcase classname="org.farng.mp3.MP3FileTest" name="testGetFrequency" time="0.007"/>
  <testcase classname="org.farng.mp3.MP3FileTest" name="testGetID3v1Tag" time="0.008"/>
  <testcase classname="org.farng.mp3.MP3FileTest" name="testGetID3v2Tag" time="0.008"/>
  <testcase classname="org.farng.mp3.MP3FileTest" name="testGetLayer" time="0.008"/>
  <testcase classname="org.farng.mp3.MP3FileTest" name="testGetLyrics3Tag" time="0.007"/>
  <testcase classname="org.farng.mp3.MP3FileTest" name="testGetMode" time="0.008"/>
  <testcase classname="org.farng.mp3.MP3FileTest" name="testGetModeExtension" time="0.008"/>
  <testcase classname="org.farng.mp3.MP3FileTest" name="testGetMp3StartByte" time="0.011"/>
  <testcase classname="org.farng.mp3.MP3FileTest" name="testGetMp3file" time="0.007"/>
  <testcase classname="org.farng.mp3.MP3FileTest" name="testGetMpegVersion" time="0.009"/>
  <testcase classname="org.farng.mp3.MP3FileTest" name="testGetUnsynchronizedFragments" time="0.012"/>
  <testcase classname="org.farng.mp3.MP3FileTest" name="testHasFilenameTag" time="0.007"/>
  <testcase classname="org.farng.mp3.MP3FileTest" name="testHasID3v1Tag" time="0.008"/>
  <testcase classname="org.farng.mp3.MP3FileTest" name="testHasID3v2Tag" time="0.007"/>
  <testcase classname="org.farng.mp3.MP3FileTest" name="testHasLyrics3Tag" time="0.007"/>
  <testcase classname="org.farng.mp3.MP3FileTest" name="testIsCopyProtected" time="0.008"/>
  <testcase classname="org.farng.mp3.MP3FileTest" name="testIsHome" time="0.007"/>
  <testcase classname="org.farng.mp3.MP3FileTest" name="testIsPadding" time="0.007"/>
  <testcase classname="org.farng.mp3.MP3FileTest" name="testIsPrivacy" time="0.007"/>
  <testcase classname="org.farng.mp3.MP3FileTest" name="testIsProtection" time="0.007"/>
  <testcase classname="org.farng.mp3.MP3FileTest" name="testIsUnsynchronized" time="0.007"/>
  <testcase classname="org.farng.mp3.MP3FileTest" name="testIsVariableBitRate" time="0.008"/>
  <testcase classname="org.farng.mp3.MP3FileTest" name="testSave" time="0.239"/>
  <testcase classname="org.farng.mp3.MP3FileTest" name="testSeekMP3Frame" time="0.01"/>
  <testcase classname="org.farng.mp3.MP3FileTest" name="testSetFilenameTag" time="0.008"/>
  <testcase classname="org.farng.mp3.MP3FileTest" name="testSetFrameAcrossTags" time="0.009"/>
  <testcase classname="org.farng.mp3.MP3FileTest" name="testSetID3v1Tag" time="0.008"/>
  <testcase classname="org.farng.mp3.MP3FileTest" name="testSetID3v2Tag" time="0.007"/>
  <testcase classname="org.farng.mp3.MP3FileTest" name="testSetLyrics3Tag" time="0.007"/>
  <testcase classname="org.farng.mp3.MP3FileTest" name="testSetMp3file" time="0.007"/>
  <testcase classname="org.farng.mp3.MP3FileTest" name="testSetVariableBitRate" time="0.008"/>
  <testcase classname="org.farng.mp3.object.ObjectLyrics3ImageTest" name="testEquals" time="0"/>
  <testcase classname="org.farng.mp3.object.ObjectLyrics3ImageTest" name="testReadString" time="0"/>
  <testcase classname="org.farng.mp3.object.ObjectLyrics3ImageTest" name="testWriteString" time="0"/>
  <testcase classname="org.farng.mp3.object.ObjectLyrics3ImageTest" name="testGetSize" time="0"/>
  <testcase classname="org.farng.mp3.object.ObjectLyrics3ImageTest" name="testToString" time="0"/>
  <testcase classname="org.farng.mp3.object.ObjectLyrics3ImageTest" name="testGetDescription" time="0.001"/>
  <testcase classname="org.farng.mp3.object.ObjectLyrics3ImageTest" name="testGetTimeStamp" time="0"/>
  <testcase classname="org.farng.mp3.object.ObjectLyrics3ImageTest" name="testSetTimeStamp" time="0"/>
  <testcase classname="org.farng.mp3.object.ObjectLyrics3ImageTest" name="testGetFilename" time="0"/>
  <testcase classname="org.farng.mp3.object.ObjectLyrics3ImageTest" name="testSetDescription" time="0"/>
  <testcase classname="org.farng.mp3.object.ObjectLyrics3ImageTest" name="testSetFilename" time="0"/>
  <testcase classname="org.farng.mp3.id3.AbstractMP3Tag" name="testID3v1" time="0"/>
  <testcase classname="org.farng.mp3.id3.AbstractMP3Tag" name="testID3v1_1" time="0.001"/>
  <testcase classname="org.farng.mp3.id3.AbstractMP3Tag" name="testLyrics3v1" time="0"/>
  <testcase classname="org.farng.mp3.id3.AbstractMP3Tag" name="testLyrics3v2" time="0"/>
  <testcase classname="org.farng.mp3.id3.AbstractMP3Tag" name="testID3v2_2" time="0.001"/>
  <testcase classname="org.farng.mp3.id3.AbstractMP3Tag" name="testID3v2_3" time="0.001"/>
  <testcase classname="org.farng.mp3.id3.AbstractMP3Tag" name="testID3v2_4" time="0"/>
  <testcase classname="org.farng.mp3.object.AbstractMP3ObjectTest" name="testEquals" time="0.001"/>
  <testcase classname="org.farng.mp3.object.AbstractMP3ObjectTest" name="testGetIdentifier" time="0"/>
  <testcase classname="org.farng.mp3.object.AbstractMP3ObjectTest" name="testGetValue" time="0"/>
  <testcase classname="org.farng.mp3.object.AbstractMP3ObjectTest" name="testReadByteArray" time="0"/>
  <testcase classname="org.farng.mp3.object.AbstractMP3ObjectTest" name="testReadString" time="0"/>
  <testcase classname="org.farng.mp3.object.AbstractMP3ObjectTest" name="testSetValue" time="0"/>
  <testcase classname="org.farng.mp3.object.AbstractMP3ObjectTest" name="testWriteByteArray" time="0"/>
  <testcase classname="org.farng.mp3.object.AbstractMP3ObjectTest" name="testWriteString" time="0"/>
  <testcase classname="org.farng.mp3.object.ObjectBooleanByteTest" name="testEquals" time="0"/>
  <testcase classname="org.farng.mp3.object.ObjectBooleanByteTest" name="testReadByteArray" time="0.001"/>
  <testcase classname="org.farng.mp3.object.ObjectBooleanByteTest" name="testWriteByteArray" time="0"/>
  <testcase classname="org.farng.mp3.object.ObjectBooleanByteTest" name="testGetBitPosition" time="0"/>
  <testcase classname="org.farng.mp3.object.ObjectBooleanByteTest" name="testGetSize" time="0"/>
  <testcase classname="org.farng.mp3.object.ObjectBooleanByteTest" name="testToString" time="0"/>
  <testcase classname="org.farng.mp3.object.ObjectBooleanStringTest" name="testEquals" time="0"/>
  <testcase classname="org.farng.mp3.object.ObjectBooleanStringTest" name="testReadString" time="0"/>
  <testcase classname="org.farng.mp3.object.ObjectBooleanStringTest" name="testWriteString" time="0"/>
  <testcase classname="org.farng.mp3.object.ObjectBooleanStringTest" name="testGetSize" time="0"/>
  <testcase classname="org.farng.mp3.object.ObjectBooleanStringTest" name="testToString" time="0"/>
  <testcase classname="org.farng.mp3.object.ObjectGroupRepeatedTest" name="testEquals" time="0"/>
  <testcase classname="org.farng.mp3.object.ObjectGroupRepeatedTest" name="testGetSize" time="0"/>
  <testcase classname="org.farng.mp3.object.ObjectGroupRepeatedTest" name="testAddObject" time="0"/>
  <testcase classname="org.farng.mp3.object.ObjectGroupRepeatedTest" name="testAddProperty" time="0"/>
  <testcase classname="org.farng.mp3.object.ObjectGroupRepeatedTest" name="testGetObjectList" time="0"/>
  <testcase classname="org.farng.mp3.object.ObjectGroupRepeatedTest" name="testGetPropertyList" time="0"/>
  <testcase classname="org.farng.mp3.object.ObjectID3v2LyricLineTest" name="testEquals" time="0.001"/>
  <testcase classname="org.farng.mp3.object.ObjectID3v2LyricLineTest" name="testReadByteArray" time="0"/>
  <testcase classname="org.farng.mp3.object.ObjectID3v2LyricLineTest" name="testWriteByteArray" time="0"/>
  <testcase classname="org.farng.mp3.object.ObjectID3v2LyricLineTest" name="testGetSize" time="0"/>
  <testcase classname="org.farng.mp3.object.ObjectID3v2LyricLineTest" name="testToString" time="0"/>
  <testcase classname="org.farng.mp3.object.ObjectID3v2LyricLineTest" name="testGetText" time="0"/>
  <testcase classname="org.farng.mp3.object.ObjectID3v2LyricLineTest" name="testGetTimeStamp" time="0"/>
  <testcase classname="org.farng.mp3.object.ObjectID3v2LyricLineTest" name="testSetText" time="0"/>
  <testcase classname="org.farng.mp3.object.ObjectID3v2LyricLineTest" name="testSetTimeStamp" time="0"/>
  <testcase classname="org.farng.mp3.object.ObjectLyrics3ImageTest" name="testEquals" time="0"/>
  <testcase classname="org.farng.mp3.object.ObjectLyrics3ImageTest" name="testReadString" time="0"/>
  <testcase classname="org.farng.mp3.object.ObjectLyrics3ImageTest" name="testWriteString" time="0.001"/>
  <testcase classname="org.farng.mp3.object.ObjectLyrics3ImageTest" name="testGetSize" time="0"/>
  <testcase classname="org.farng.mp3.object.ObjectLyrics3ImageTest" name="testToString" time="0"/>
  <testcase classname="org.farng.mp3.object.ObjectLyrics3ImageTest" name="testGetDescription" time="0"/>
  <testcase classname="org.farng.mp3.object.ObjectLyrics3ImageTest" name="testGetTimeStamp" time="0"/>
  <testcase classname="org.farng.mp3.object.ObjectLyrics3ImageTest" name="testSetTimeStamp" time="0"/>
  <testcase classname="org.farng.mp3.object.ObjectLyrics3ImageTest" name="testGetFilename" time="0"/>
  <testcase classname="org.farng.mp3.object.ObjectLyrics3ImageTest" name="testSetDescription" time="0"/>
  <testcase classname="org.farng.mp3.object.ObjectLyrics3ImageTest" name="testSetFilename" time="0"/>
  <testcase classname="org.farng.mp3.object.ObjectLyrics3ImageTest" name="testEquals" time="0"/>
  <testcase classname="org.farng.mp3.object.ObjectLyrics3ImageTest" name="testReadString" time="0"/>
  <testcase classname="org.farng.mp3.object.ObjectLyrics3ImageTest" name="testWriteString" time="0"/>
  <testcase classname="org.farng.mp3.object.ObjectLyrics3ImageTest" name="testGetSize" time="0"/>
  <testcase classname="org.farng.mp3.object.ObjectLyrics3ImageTest" name="testToString" time="0"/>
  <testcase classname="org.farng.mp3.object.ObjectLyrics3ImageTest" name="testGetDescription" time="0"/>
  <testcase classname="org.farng.mp3.object.ObjectLyrics3ImageTest" name="testGetTimeStamp" time="0"/>
  <testcase classname="org.farng.mp3.object.ObjectLyrics3ImageTest" name="testSetTimeStamp" time="0"/>
  <testcase classname="org.farng.mp3.object.ObjectLyrics3ImageTest" name="testGetFilename" time="0"/>
  <testcase classname="org.farng.mp3.object.ObjectLyrics3ImageTest" name="testSetDescription" time="0"/>
  <testcase classname="org.farng.mp3.object.ObjectLyrics3ImageTest" name="testSetFilename" time="0"/>
</testsuite>